#! /home/keyboard/oss-cad-suite/bin/vvp
:ivl_version "13.0 (devel)" "(s20221226-36-g23e51ef7a)";
:ivl_delay_selection "TYPICAL";
:vpi_time_precision + 0;
:vpi_module "/home/keyboard/oss-cad-suite/lib/ivl/system.vpi";
:vpi_module "/home/keyboard/oss-cad-suite/lib/ivl/vhdl_sys.vpi";
:vpi_module "/home/keyboard/oss-cad-suite/lib/ivl/vhdl_textio.vpi";
:vpi_module "/home/keyboard/oss-cad-suite/lib/ivl/v2005_math.vpi";
:vpi_module "/home/keyboard/oss-cad-suite/lib/ivl/va_math.vpi";
S_0x5555557d9c20 .scope module, "tb" "tb" 2 6;
 .timescale 0 0;
v0x555555811970_0 .var "addrs", 3 0;
v0x555555811a50_0 .net "bOut", 0 0, L_0x55555581b250;  1 drivers
v0x555555811b40_0 .net "bbf", 0 0, L_0x55555581d5b0;  1 drivers
v0x555555811be0_0 .net "bcf", 0 0, L_0x55555581d3c0;  1 drivers
v0x555555811cb0_0 .net "buc", 0 0, L_0x55555581d7f0;  1 drivers
v0x555555811da0_0 .net "cOut", 0 0, L_0x555555816720;  1 drivers
v0x555555811e70_0 .var "dIn0", 7 0;
v0x555555811f10_0 .var "dIn1", 7 0;
L_0x7f43ecbf8018 .functor BUFT 1, C4<1>, C4<0>, C4<0>, C4<0>;
v0x555555811fb0_0 .net "enable", 0 0, L_0x7f43ecbf8018;  1 drivers
v0x555555812050_0 .var/i "i", 31 0;
v0x5555558120f0 .array "res", 0 3;
v0x5555558120f0_0 .net v0x5555558120f0 0, 7 0, L_0x555555816660; 1 drivers
v0x5555558120f0_1 .net v0x5555558120f0 1, 7 0, L_0x55555581b8c0; 1 drivers
v0x5555558120f0_2 .net v0x5555558120f0 2, 7 0, L_0x55555581ba10; 1 drivers
v0x5555558120f0_3 .net v0x5555558120f0 3, 7 0, L_0x55555581dbd0; 1 drivers
v0x555555812280_0 .net "toggleOut", 0 0, L_0x55555581da20;  1 drivers
S_0x5555557c0100 .scope module, "tbAdder" "addEight" 2 16, 3 37 0, S_0x5555557d9c20;
 .timescale 0 0;
    .port_info 0 /INPUT 8 "dIn0";
    .port_info 1 /INPUT 8 "dIn1";
    .port_info 2 /INPUT 1 "enable";
    .port_info 3 /OUTPUT 1 "cOut";
    .port_info 4 /OUTPUT 8 "dOut";
L_0x7f43ecbf8060 .functor BUFT 1, C4<11111111>, C4<0>, C4<0>, C4<0>;
L_0x555555816660 .functor AND 8, L_0x5555558165c0, L_0x7f43ecbf8060, C4<11111111>, C4<11111111>;
L_0x555555816720 .functor AND 1, L_0x555555815e90, L_0x7f43ecbf8018, C4<1>, C4<1>;
v0x555555802cc0_0 .net *"_ivl_78", 7 0, L_0x7f43ecbf8060;  1 drivers
v0x555555802da0_0 .net "cOut", 0 0, L_0x555555816720;  alias, 1 drivers
v0x555555802e60_0 .net "cOutTmp", 0 0, L_0x555555815e90;  1 drivers
v0x555555802f30_0 .net "carries", 6 0, L_0x555555815540;  1 drivers
v0x555555802fd0_0 .net "dIn0", 7 0, v0x555555811e70_0;  1 drivers
v0x555555803100_0 .net "dIn1", 7 0, v0x555555811f10_0;  1 drivers
v0x5555558031e0_0 .net "dOut", 7 0, L_0x555555816660;  alias, 1 drivers
v0x5555558032c0_0 .net "enable", 0 0, L_0x7f43ecbf8018;  alias, 1 drivers
v0x555555803380_0 .net "resTmp", 7 0, L_0x5555558165c0;  1 drivers
L_0x5555558124f0 .part v0x555555811e70_0, 0, 1;
L_0x555555812590 .part v0x555555811f10_0, 0, 1;
L_0x555555812a00 .part v0x555555811e70_0, 1, 1;
L_0x555555812b30 .part v0x555555811f10_0, 1, 1;
L_0x555555812c60 .part L_0x555555815540, 0, 1;
L_0x555555813190 .part v0x555555811e70_0, 2, 1;
L_0x555555813300 .part v0x555555811f10_0, 2, 1;
L_0x555555813430 .part L_0x555555815540, 1, 1;
L_0x555555813a40 .part v0x555555811e70_0, 3, 1;
L_0x555555813c80 .part v0x555555811f10_0, 3, 1;
L_0x555555813d80 .part L_0x555555815540, 2, 1;
L_0x5555558142a0 .part v0x555555811e70_0, 4, 1;
L_0x555555814440 .part v0x555555811f10_0, 4, 1;
L_0x555555814680 .part L_0x555555815540, 3, 1;
L_0x555555814bb0 .part v0x555555811e70_0, 5, 1;
L_0x555555814ce0 .part v0x555555811f10_0, 5, 1;
L_0x555555814ea0 .part L_0x555555815540, 4, 1;
L_0x555555815410 .part v0x555555811e70_0, 6, 1;
L_0x5555558155e0 .part v0x555555811f10_0, 6, 1;
L_0x555555815680 .part L_0x555555815540, 5, 1;
LS_0x555555815540_0_0 .concat8 [ 1 1 1 1], L_0x555555812450, L_0x555555812970, L_0x555555813100, L_0x5555558139b0;
LS_0x555555815540_0_4 .concat8 [ 1 1 1 0], L_0x555555814210, L_0x555555814b20, L_0x555555815380;
L_0x555555815540 .concat8 [ 4 3 0 0], LS_0x555555815540_0_0, LS_0x555555815540_0_4;
L_0x555555815f90 .part v0x555555811e70_0, 7, 1;
L_0x555555816180 .part v0x555555811f10_0, 7, 1;
L_0x5555558162b0 .part L_0x555555815540, 6, 1;
LS_0x5555558165c0_0_0 .concat8 [ 1 1 1 1], L_0x555555812350, L_0x555555812760, L_0x555555812e90, L_0x555555813740;
LS_0x5555558165c0_0_4 .concat8 [ 1 1 1 1], L_0x555555813ff0, L_0x555555814900, L_0x555555815110, L_0x555555815c20;
L_0x5555558165c0 .concat8 [ 4 4 0 0], LS_0x5555558165c0_0_0, LS_0x5555558165c0_0_4;
S_0x5555557cbb00 .scope module, "adder0" "halfAdder" 3 52, 3 4 0, S_0x5555557c0100;
 .timescale 0 0;
    .port_info 0 /INPUT 1 "a";
    .port_info 1 /INPUT 1 "b";
    .port_info 2 /OUTPUT 1 "sum";
    .port_info 3 /OUTPUT 1 "carry";
L_0x555555812350 .functor XOR 1, L_0x5555558124f0, L_0x555555812590, C4<0>, C4<0>;
L_0x555555812450 .functor AND 1, L_0x5555558124f0, L_0x555555812590, C4<1>, C4<1>;
v0x555555782700_0 .net "a", 0 0, L_0x5555558124f0;  1 drivers
v0x55555578d370_0 .net "b", 0 0, L_0x555555812590;  1 drivers
v0x55555579c8c0_0 .net "carry", 0 0, L_0x555555812450;  1 drivers
v0x5555557f9750_0 .net "sum", 0 0, L_0x555555812350;  1 drivers
S_0x5555557cd300 .scope module, "adder1" "fullAdder" 3 53, 3 18 0, S_0x5555557c0100;
 .timescale 0 0;
    .port_info 0 /INPUT 1 "a";
    .port_info 1 /INPUT 1 "b";
    .port_info 2 /INPUT 1 "cIn";
    .port_info 3 /OUTPUT 1 "sum";
    .port_info 4 /OUTPUT 1 "cOut";
L_0x555555812970 .functor OR 1, L_0x5555558126a0, L_0x555555812900, C4<0>, C4<0>;
v0x5555557fa480_0 .net "a", 0 0, L_0x555555812a00;  1 drivers
v0x5555557fa540_0 .net "b", 0 0, L_0x555555812b30;  1 drivers
v0x5555557fa610_0 .net "cIn", 0 0, L_0x555555812c60;  1 drivers
v0x5555557fa710_0 .net "cOut", 0 0, L_0x555555812970;  1 drivers
v0x5555557fa7b0_0 .net "carryAB", 0 0, L_0x5555558126a0;  1 drivers
v0x5555557fa8a0_0 .net "carryCInSumAB", 0 0, L_0x555555812900;  1 drivers
v0x5555557fa970_0 .net "sum", 0 0, L_0x555555812760;  1 drivers
v0x5555557faa40_0 .net "sumAB", 0 0, L_0x555555812630;  1 drivers
S_0x5555557f9900 .scope module, "halfAdderAB" "halfAdder" 3 30, 3 4 0, S_0x5555557cd300;
 .timescale 0 0;
    .port_info 0 /INPUT 1 "a";
    .port_info 1 /INPUT 1 "b";
    .port_info 2 /OUTPUT 1 "sum";
    .port_info 3 /OUTPUT 1 "carry";
L_0x555555812630 .functor XOR 1, L_0x555555812a00, L_0x555555812b30, C4<0>, C4<0>;
L_0x5555558126a0 .functor AND 1, L_0x555555812a00, L_0x555555812b30, C4<1>, C4<1>;
v0x5555557f9ae0_0 .net "a", 0 0, L_0x555555812a00;  alias, 1 drivers
v0x5555557f9bc0_0 .net "b", 0 0, L_0x555555812b30;  alias, 1 drivers
v0x5555557f9c80_0 .net "carry", 0 0, L_0x5555558126a0;  alias, 1 drivers
v0x5555557f9d20_0 .net "sum", 0 0, L_0x555555812630;  alias, 1 drivers
S_0x5555557f9e60 .scope module, "halfAdderCInSumAB" "halfAdder" 3 31, 3 4 0, S_0x5555557cd300;
 .timescale 0 0;
    .port_info 0 /INPUT 1 "a";
    .port_info 1 /INPUT 1 "b";
    .port_info 2 /OUTPUT 1 "sum";
    .port_info 3 /OUTPUT 1 "carry";
L_0x555555812760 .functor XOR 1, L_0x555555812c60, L_0x555555812630, C4<0>, C4<0>;
L_0x555555812900 .functor AND 1, L_0x555555812c60, L_0x555555812630, C4<1>, C4<1>;
v0x5555557fa0d0_0 .net "a", 0 0, L_0x555555812c60;  alias, 1 drivers
v0x5555557fa190_0 .net "b", 0 0, L_0x555555812630;  alias, 1 drivers
v0x5555557fa280_0 .net "carry", 0 0, L_0x555555812900;  alias, 1 drivers
v0x5555557fa350_0 .net "sum", 0 0, L_0x555555812760;  alias, 1 drivers
S_0x5555557fab30 .scope module, "adder2" "fullAdder" 3 54, 3 18 0, S_0x5555557c0100;
 .timescale 0 0;
    .port_info 0 /INPUT 1 "a";
    .port_info 1 /INPUT 1 "b";
    .port_info 2 /INPUT 1 "cIn";
    .port_info 3 /OUTPUT 1 "sum";
    .port_info 4 /OUTPUT 1 "cOut";
L_0x555555813100 .functor OR 1, L_0x555555812e00, L_0x555555813070, C4<0>, C4<0>;
v0x5555557fba20_0 .net "a", 0 0, L_0x555555813190;  1 drivers
v0x5555557fbae0_0 .net "b", 0 0, L_0x555555813300;  1 drivers
v0x5555557fbbb0_0 .net "cIn", 0 0, L_0x555555813430;  1 drivers
v0x5555557fbcb0_0 .net "cOut", 0 0, L_0x555555813100;  1 drivers
v0x5555557fbd50_0 .net "carryAB", 0 0, L_0x555555812e00;  1 drivers
v0x5555557fbe40_0 .net "carryCInSumAB", 0 0, L_0x555555813070;  1 drivers
v0x5555557fbf10_0 .net "sum", 0 0, L_0x555555812e90;  1 drivers
v0x5555557fbfe0_0 .net "sumAB", 0 0, L_0x555555812d90;  1 drivers
S_0x5555557fadc0 .scope module, "halfAdderAB" "halfAdder" 3 30, 3 4 0, S_0x5555557fab30;
 .timescale 0 0;
    .port_info 0 /INPUT 1 "a";
    .port_info 1 /INPUT 1 "b";
    .port_info 2 /OUTPUT 1 "sum";
    .port_info 3 /OUTPUT 1 "carry";
L_0x555555812d90 .functor XOR 1, L_0x555555813190, L_0x555555813300, C4<0>, C4<0>;
L_0x555555812e00 .functor AND 1, L_0x555555813190, L_0x555555813300, C4<1>, C4<1>;
v0x5555557fb040_0 .net "a", 0 0, L_0x555555813190;  alias, 1 drivers
v0x5555557fb100_0 .net "b", 0 0, L_0x555555813300;  alias, 1 drivers
v0x5555557fb1c0_0 .net "carry", 0 0, L_0x555555812e00;  alias, 1 drivers
v0x5555557fb290_0 .net "sum", 0 0, L_0x555555812d90;  alias, 1 drivers
S_0x5555557fb400 .scope module, "halfAdderCInSumAB" "halfAdder" 3 31, 3 4 0, S_0x5555557fab30;
 .timescale 0 0;
    .port_info 0 /INPUT 1 "a";
    .port_info 1 /INPUT 1 "b";
    .port_info 2 /OUTPUT 1 "sum";
    .port_info 3 /OUTPUT 1 "carry";
L_0x555555812e90 .functor XOR 1, L_0x555555813430, L_0x555555812d90, C4<0>, C4<0>;
L_0x555555813070 .functor AND 1, L_0x555555813430, L_0x555555812d90, C4<1>, C4<1>;
v0x5555557fb670_0 .net "a", 0 0, L_0x555555813430;  alias, 1 drivers
v0x5555557fb730_0 .net "b", 0 0, L_0x555555812d90;  alias, 1 drivers
v0x5555557fb820_0 .net "carry", 0 0, L_0x555555813070;  alias, 1 drivers
v0x5555557fb8f0_0 .net "sum", 0 0, L_0x555555812e90;  alias, 1 drivers
S_0x5555557fc0d0 .scope module, "adder3" "fullAdder" 3 55, 3 18 0, S_0x5555557c0100;
 .timescale 0 0;
    .port_info 0 /INPUT 1 "a";
    .port_info 1 /INPUT 1 "b";
    .port_info 2 /INPUT 1 "cIn";
    .port_info 3 /OUTPUT 1 "sum";
    .port_info 4 /OUTPUT 1 "cOut";
L_0x5555558139b0 .functor OR 1, L_0x555555813660, L_0x555555813920, C4<0>, C4<0>;
v0x5555557fcfb0_0 .net "a", 0 0, L_0x555555813a40;  1 drivers
v0x5555557fd070_0 .net "b", 0 0, L_0x555555813c80;  1 drivers
v0x5555557fd140_0 .net "cIn", 0 0, L_0x555555813d80;  1 drivers
v0x5555557fd240_0 .net "cOut", 0 0, L_0x5555558139b0;  1 drivers
v0x5555557fd2e0_0 .net "carryAB", 0 0, L_0x555555813660;  1 drivers
v0x5555557fd3d0_0 .net "carryCInSumAB", 0 0, L_0x555555813920;  1 drivers
v0x5555557fd4a0_0 .net "sum", 0 0, L_0x555555813740;  1 drivers
v0x5555557fd570_0 .net "sumAB", 0 0, L_0x5555558135b0;  1 drivers
S_0x5555557fc330 .scope module, "halfAdderAB" "halfAdder" 3 30, 3 4 0, S_0x5555557fc0d0;
 .timescale 0 0;
    .port_info 0 /INPUT 1 "a";
    .port_info 1 /INPUT 1 "b";
    .port_info 2 /OUTPUT 1 "sum";
    .port_info 3 /OUTPUT 1 "carry";
L_0x5555558135b0 .functor XOR 1, L_0x555555813a40, L_0x555555813c80, C4<0>, C4<0>;
L_0x555555813660 .functor AND 1, L_0x555555813a40, L_0x555555813c80, C4<1>, C4<1>;
v0x5555557fc5b0_0 .net "a", 0 0, L_0x555555813a40;  alias, 1 drivers
v0x5555557fc690_0 .net "b", 0 0, L_0x555555813c80;  alias, 1 drivers
v0x5555557fc750_0 .net "carry", 0 0, L_0x555555813660;  alias, 1 drivers
v0x5555557fc820_0 .net "sum", 0 0, L_0x5555558135b0;  alias, 1 drivers
S_0x5555557fc990 .scope module, "halfAdderCInSumAB" "halfAdder" 3 31, 3 4 0, S_0x5555557fc0d0;
 .timescale 0 0;
    .port_info 0 /INPUT 1 "a";
    .port_info 1 /INPUT 1 "b";
    .port_info 2 /OUTPUT 1 "sum";
    .port_info 3 /OUTPUT 1 "carry";
L_0x555555813740 .functor XOR 1, L_0x555555813d80, L_0x5555558135b0, C4<0>, C4<0>;
L_0x555555813920 .functor AND 1, L_0x555555813d80, L_0x5555558135b0, C4<1>, C4<1>;
v0x5555557fcc00_0 .net "a", 0 0, L_0x555555813d80;  alias, 1 drivers
v0x5555557fccc0_0 .net "b", 0 0, L_0x5555558135b0;  alias, 1 drivers
v0x5555557fcdb0_0 .net "carry", 0 0, L_0x555555813920;  alias, 1 drivers
v0x5555557fce80_0 .net "sum", 0 0, L_0x555555813740;  alias, 1 drivers
S_0x5555557fd660 .scope module, "adder4" "fullAdder" 3 56, 3 18 0, S_0x5555557c0100;
 .timescale 0 0;
    .port_info 0 /INPUT 1 "a";
    .port_info 1 /INPUT 1 "b";
    .port_info 2 /INPUT 1 "cIn";
    .port_info 3 /OUTPUT 1 "sum";
    .port_info 4 /OUTPUT 1 "cOut";
L_0x555555814210 .functor OR 1, L_0x555555813f60, L_0x555555814180, C4<0>, C4<0>;
v0x5555557fe560_0 .net "a", 0 0, L_0x5555558142a0;  1 drivers
v0x5555557fe620_0 .net "b", 0 0, L_0x555555814440;  1 drivers
v0x5555557fe6f0_0 .net "cIn", 0 0, L_0x555555814680;  1 drivers
v0x5555557fe7f0_0 .net "cOut", 0 0, L_0x555555814210;  1 drivers
v0x5555557fe890_0 .net "carryAB", 0 0, L_0x555555813f60;  1 drivers
v0x5555557fe980_0 .net "carryCInSumAB", 0 0, L_0x555555814180;  1 drivers
v0x5555557fea50_0 .net "sum", 0 0, L_0x555555813ff0;  1 drivers
v0x5555557feb20_0 .net "sumAB", 0 0, L_0x555555813eb0;  1 drivers
S_0x5555557fd910 .scope module, "halfAdderAB" "halfAdder" 3 30, 3 4 0, S_0x5555557fd660;
 .timescale 0 0;
    .port_info 0 /INPUT 1 "a";
    .port_info 1 /INPUT 1 "b";
    .port_info 2 /OUTPUT 1 "sum";
    .port_info 3 /OUTPUT 1 "carry";
L_0x555555813eb0 .functor XOR 1, L_0x5555558142a0, L_0x555555814440, C4<0>, C4<0>;
L_0x555555813f60 .functor AND 1, L_0x5555558142a0, L_0x555555814440, C4<1>, C4<1>;
v0x5555557fdb60_0 .net "a", 0 0, L_0x5555558142a0;  alias, 1 drivers
v0x5555557fdc40_0 .net "b", 0 0, L_0x555555814440;  alias, 1 drivers
v0x5555557fdd00_0 .net "carry", 0 0, L_0x555555813f60;  alias, 1 drivers
v0x5555557fddd0_0 .net "sum", 0 0, L_0x555555813eb0;  alias, 1 drivers
S_0x5555557fdf40 .scope module, "halfAdderCInSumAB" "halfAdder" 3 31, 3 4 0, S_0x5555557fd660;
 .timescale 0 0;
    .port_info 0 /INPUT 1 "a";
    .port_info 1 /INPUT 1 "b";
    .port_info 2 /OUTPUT 1 "sum";
    .port_info 3 /OUTPUT 1 "carry";
L_0x555555813ff0 .functor XOR 1, L_0x555555814680, L_0x555555813eb0, C4<0>, C4<0>;
L_0x555555814180 .functor AND 1, L_0x555555814680, L_0x555555813eb0, C4<1>, C4<1>;
v0x5555557fe1b0_0 .net "a", 0 0, L_0x555555814680;  alias, 1 drivers
v0x5555557fe270_0 .net "b", 0 0, L_0x555555813eb0;  alias, 1 drivers
v0x5555557fe360_0 .net "carry", 0 0, L_0x555555814180;  alias, 1 drivers
v0x5555557fe430_0 .net "sum", 0 0, L_0x555555813ff0;  alias, 1 drivers
S_0x5555557fec10 .scope module, "adder5" "fullAdder" 3 57, 3 18 0, S_0x5555557c0100;
 .timescale 0 0;
    .port_info 0 /INPUT 1 "a";
    .port_info 1 /INPUT 1 "b";
    .port_info 2 /INPUT 1 "cIn";
    .port_info 3 /OUTPUT 1 "sum";
    .port_info 4 /OUTPUT 1 "cOut";
L_0x555555814b20 .functor OR 1, L_0x555555814870, L_0x555555814a90, C4<0>, C4<0>;
v0x5555557ffaf0_0 .net "a", 0 0, L_0x555555814bb0;  1 drivers
v0x5555557ffbb0_0 .net "b", 0 0, L_0x555555814ce0;  1 drivers
v0x5555557ffc80_0 .net "cIn", 0 0, L_0x555555814ea0;  1 drivers
v0x5555557ffd80_0 .net "cOut", 0 0, L_0x555555814b20;  1 drivers
v0x5555557ffe20_0 .net "carryAB", 0 0, L_0x555555814870;  1 drivers
v0x5555557fff10_0 .net "carryCInSumAB", 0 0, L_0x555555814a90;  1 drivers
v0x5555557fffe0_0 .net "sum", 0 0, L_0x555555814900;  1 drivers
v0x5555558000b0_0 .net "sumAB", 0 0, L_0x5555558143d0;  1 drivers
S_0x5555557fee70 .scope module, "halfAdderAB" "halfAdder" 3 30, 3 4 0, S_0x5555557fec10;
 .timescale 0 0;
    .port_info 0 /INPUT 1 "a";
    .port_info 1 /INPUT 1 "b";
    .port_info 2 /OUTPUT 1 "sum";
    .port_info 3 /OUTPUT 1 "carry";
L_0x5555558143d0 .functor XOR 1, L_0x555555814bb0, L_0x555555814ce0, C4<0>, C4<0>;
L_0x555555814870 .functor AND 1, L_0x555555814bb0, L_0x555555814ce0, C4<1>, C4<1>;
v0x5555557ff0f0_0 .net "a", 0 0, L_0x555555814bb0;  alias, 1 drivers
v0x5555557ff1d0_0 .net "b", 0 0, L_0x555555814ce0;  alias, 1 drivers
v0x5555557ff290_0 .net "carry", 0 0, L_0x555555814870;  alias, 1 drivers
v0x5555557ff360_0 .net "sum", 0 0, L_0x5555558143d0;  alias, 1 drivers
S_0x5555557ff4d0 .scope module, "halfAdderCInSumAB" "halfAdder" 3 31, 3 4 0, S_0x5555557fec10;
 .timescale 0 0;
    .port_info 0 /INPUT 1 "a";
    .port_info 1 /INPUT 1 "b";
    .port_info 2 /OUTPUT 1 "sum";
    .port_info 3 /OUTPUT 1 "carry";
L_0x555555814900 .functor XOR 1, L_0x555555814ea0, L_0x5555558143d0, C4<0>, C4<0>;
L_0x555555814a90 .functor AND 1, L_0x555555814ea0, L_0x5555558143d0, C4<1>, C4<1>;
v0x5555557ff740_0 .net "a", 0 0, L_0x555555814ea0;  alias, 1 drivers
v0x5555557ff800_0 .net "b", 0 0, L_0x5555558143d0;  alias, 1 drivers
v0x5555557ff8f0_0 .net "carry", 0 0, L_0x555555814a90;  alias, 1 drivers
v0x5555557ff9c0_0 .net "sum", 0 0, L_0x555555814900;  alias, 1 drivers
S_0x5555558001a0 .scope module, "adder6" "fullAdder" 3 58, 3 18 0, S_0x5555557c0100;
 .timescale 0 0;
    .port_info 0 /INPUT 1 "a";
    .port_info 1 /INPUT 1 "b";
    .port_info 2 /INPUT 1 "cIn";
    .port_info 3 /OUTPUT 1 "sum";
    .port_info 4 /OUTPUT 1 "cOut";
L_0x555555815380 .functor OR 1, L_0x555555815080, L_0x5555558152f0, C4<0>, C4<0>;
v0x555555801080_0 .net "a", 0 0, L_0x555555815410;  1 drivers
v0x555555801140_0 .net "b", 0 0, L_0x5555558155e0;  1 drivers
v0x555555801210_0 .net "cIn", 0 0, L_0x555555815680;  1 drivers
v0x555555801310_0 .net "cOut", 0 0, L_0x555555815380;  1 drivers
v0x5555558013b0_0 .net "carryAB", 0 0, L_0x555555815080;  1 drivers
v0x5555558014a0_0 .net "carryCInSumAB", 0 0, L_0x5555558152f0;  1 drivers
v0x555555801570_0 .net "sum", 0 0, L_0x555555815110;  1 drivers
v0x555555801640_0 .net "sumAB", 0 0, L_0x555555814fd0;  1 drivers
S_0x555555800400 .scope module, "halfAdderAB" "halfAdder" 3 30, 3 4 0, S_0x5555558001a0;
 .timescale 0 0;
    .port_info 0 /INPUT 1 "a";
    .port_info 1 /INPUT 1 "b";
    .port_info 2 /OUTPUT 1 "sum";
    .port_info 3 /OUTPUT 1 "carry";
L_0x555555814fd0 .functor XOR 1, L_0x555555815410, L_0x5555558155e0, C4<0>, C4<0>;
L_0x555555815080 .functor AND 1, L_0x555555815410, L_0x5555558155e0, C4<1>, C4<1>;
v0x555555800680_0 .net "a", 0 0, L_0x555555815410;  alias, 1 drivers
v0x555555800760_0 .net "b", 0 0, L_0x5555558155e0;  alias, 1 drivers
v0x555555800820_0 .net "carry", 0 0, L_0x555555815080;  alias, 1 drivers
v0x5555558008f0_0 .net "sum", 0 0, L_0x555555814fd0;  alias, 1 drivers
S_0x555555800a60 .scope module, "halfAdderCInSumAB" "halfAdder" 3 31, 3 4 0, S_0x5555558001a0;
 .timescale 0 0;
    .port_info 0 /INPUT 1 "a";
    .port_info 1 /INPUT 1 "b";
    .port_info 2 /OUTPUT 1 "sum";
    .port_info 3 /OUTPUT 1 "carry";
L_0x555555815110 .functor XOR 1, L_0x555555815680, L_0x555555814fd0, C4<0>, C4<0>;
L_0x5555558152f0 .functor AND 1, L_0x555555815680, L_0x555555814fd0, C4<1>, C4<1>;
v0x555555800cd0_0 .net "a", 0 0, L_0x555555815680;  alias, 1 drivers
v0x555555800d90_0 .net "b", 0 0, L_0x555555814fd0;  alias, 1 drivers
v0x555555800e80_0 .net "carry", 0 0, L_0x5555558152f0;  alias, 1 drivers
v0x555555800f50_0 .net "sum", 0 0, L_0x555555815110;  alias, 1 drivers
S_0x555555801730 .scope module, "adder7" "fullAdder" 3 59, 3 18 0, S_0x5555557c0100;
 .timescale 0 0;
    .port_info 0 /INPUT 1 "a";
    .port_info 1 /INPUT 1 "b";
    .port_info 2 /INPUT 1 "cIn";
    .port_info 3 /OUTPUT 1 "sum";
    .port_info 4 /OUTPUT 1 "cOut";
L_0x555555815e90 .functor OR 1, L_0x555555815b40, L_0x555555815e00, C4<0>, C4<0>;
v0x555555802610_0 .net "a", 0 0, L_0x555555815f90;  1 drivers
v0x5555558026d0_0 .net "b", 0 0, L_0x555555816180;  1 drivers
v0x5555558027a0_0 .net "cIn", 0 0, L_0x5555558162b0;  1 drivers
v0x5555558028a0_0 .net "cOut", 0 0, L_0x555555815e90;  alias, 1 drivers
v0x555555802940_0 .net "carryAB", 0 0, L_0x555555815b40;  1 drivers
v0x555555802a30_0 .net "carryCInSumAB", 0 0, L_0x555555815e00;  1 drivers
v0x555555802b00_0 .net "sum", 0 0, L_0x555555815c20;  1 drivers
v0x555555802bd0_0 .net "sumAB", 0 0, L_0x5555558159f0;  1 drivers
S_0x555555801990 .scope module, "halfAdderAB" "halfAdder" 3 30, 3 4 0, S_0x555555801730;
 .timescale 0 0;
    .port_info 0 /INPUT 1 "a";
    .port_info 1 /INPUT 1 "b";
    .port_info 2 /OUTPUT 1 "sum";
    .port_info 3 /OUTPUT 1 "carry";
L_0x5555558159f0 .functor XOR 1, L_0x555555815f90, L_0x555555816180, C4<0>, C4<0>;
L_0x555555815b40 .functor AND 1, L_0x555555815f90, L_0x555555816180, C4<1>, C4<1>;
v0x555555801c10_0 .net "a", 0 0, L_0x555555815f90;  alias, 1 drivers
v0x555555801cf0_0 .net "b", 0 0, L_0x555555816180;  alias, 1 drivers
v0x555555801db0_0 .net "carry", 0 0, L_0x555555815b40;  alias, 1 drivers
v0x555555801e80_0 .net "sum", 0 0, L_0x5555558159f0;  alias, 1 drivers
S_0x555555801ff0 .scope module, "halfAdderCInSumAB" "halfAdder" 3 31, 3 4 0, S_0x555555801730;
 .timescale 0 0;
    .port_info 0 /INPUT 1 "a";
    .port_info 1 /INPUT 1 "b";
    .port_info 2 /OUTPUT 1 "sum";
    .port_info 3 /OUTPUT 1 "carry";
L_0x555555815c20 .functor XOR 1, L_0x5555558162b0, L_0x5555558159f0, C4<0>, C4<0>;
L_0x555555815e00 .functor AND 1, L_0x5555558162b0, L_0x5555558159f0, C4<1>, C4<1>;
v0x555555802260_0 .net "a", 0 0, L_0x5555558162b0;  alias, 1 drivers
v0x555555802320_0 .net "b", 0 0, L_0x5555558159f0;  alias, 1 drivers
v0x555555802410_0 .net "carry", 0 0, L_0x555555815e00;  alias, 1 drivers
v0x5555558024e0_0 .net "sum", 0 0, L_0x555555815c20;  alias, 1 drivers
S_0x555555803500 .scope module, "tbMov" "movAndBranch" 2 19, 4 25 0, S_0x5555557d9c20;
 .timescale 0 0;
    .port_info 0 /INPUT 8 "dIn0";
    .port_info 1 /INPUT 4 "addrs";
    .port_info 2 /INPUT 1 "enable";
    .port_info 3 /OUTPUT 1 "bcf";
    .port_info 4 /OUTPUT 1 "bbf";
    .port_info 5 /OUTPUT 1 "buc";
    .port_info 6 /OUTPUT 1 "toggleOut";
    .port_info 7 /OUTPUT 8 "dOut";
L_0x55555581bcd0 .functor XOR 2, L_0x55555581bb40, L_0x55555581bc30, C4<00>, C4<00>;
L_0x55555581bf70 .functor OR 1, L_0x55555581bde0, L_0x55555581bed0, C4<0>, C4<0>;
L_0x55555581c080 .functor NOT 1, L_0x55555581bf70, C4<0>, C4<0>, C4<0>;
L_0x55555581d3c0 .functor AND 1, L_0x55555581c080, L_0x55555581d480, C4<1>, C4<1>;
L_0x55555581d5b0 .functor AND 1, L_0x55555581c080, L_0x55555581d670, C4<1>, C4<1>;
L_0x55555581d7f0 .functor AND 1, L_0x55555581c080, L_0x55555581d930, C4<1>, C4<1>;
L_0x55555581da20 .functor AND 1, L_0x55555581c080, L_0x55555581dae0, C4<1>, C4<1>;
L_0x7f43ecbf8138 .functor BUFT 1, C4<11111111>, C4<0>, C4<0>, C4<0>;
L_0x55555581dbd0 .functor AND 8, v0x555555811e70_0, L_0x7f43ecbf8138, C4<11111111>, C4<11111111>;
v0x555555804a50_0 .net *"_ivl_1", 1 0, L_0x55555581bb40;  1 drivers
v0x555555804b30_0 .net *"_ivl_10", 0 0, L_0x55555581bf70;  1 drivers
v0x555555804c10_0 .net *"_ivl_18", 0 0, L_0x55555581d480;  1 drivers
v0x555555804cd0_0 .net *"_ivl_21", 0 0, L_0x55555581d670;  1 drivers
v0x555555804db0_0 .net *"_ivl_24", 0 0, L_0x55555581d930;  1 drivers
v0x555555804e90_0 .net *"_ivl_27", 0 0, L_0x55555581dae0;  1 drivers
v0x555555804f70_0 .net *"_ivl_28", 7 0, L_0x7f43ecbf8138;  1 drivers
v0x555555805050_0 .net *"_ivl_3", 1 0, L_0x55555581bc30;  1 drivers
v0x555555805130_0 .net *"_ivl_7", 0 0, L_0x55555581bde0;  1 drivers
v0x555555805210_0 .net *"_ivl_9", 0 0, L_0x55555581bed0;  1 drivers
v0x5555558052f0_0 .net "addrs", 3 0, v0x555555811970_0;  1 drivers
v0x5555558053d0_0 .net "addrsEqual", 0 0, L_0x55555581c080;  1 drivers
v0x555555805490_0 .net "addrsEqualTmp", 1 0, L_0x55555581bcd0;  1 drivers
v0x555555805570_0 .net "bbf", 0 0, L_0x55555581d5b0;  alias, 1 drivers
v0x555555805630_0 .net "bcf", 0 0, L_0x55555581d3c0;  alias, 1 drivers
v0x5555558056f0_0 .net "buc", 0 0, L_0x55555581d7f0;  alias, 1 drivers
v0x5555558057b0_0 .net "dIn0", 7 0, v0x555555811e70_0;  alias, 1 drivers
v0x555555805870_0 .net "dOut", 7 0, L_0x55555581dbd0;  alias, 1 drivers
v0x555555805930_0 .net "enable", 0 0, L_0x7f43ecbf8018;  alias, 1 drivers
v0x555555805a00_0 .net "flagEnable", 3 0, L_0x55555581cd50;  1 drivers
v0x555555805ad0_0 .net "toggleOut", 0 0, L_0x55555581da20;  alias, 1 drivers
L_0x55555581bb40 .part v0x555555811970_0, 2, 2;
L_0x55555581bc30 .part v0x555555811970_0, 0, 2;
L_0x55555581bde0 .part L_0x55555581bcd0, 1, 1;
L_0x55555581bed0 .part L_0x55555581bcd0, 0, 1;
L_0x55555581d290 .part v0x555555811970_0, 0, 2;
L_0x55555581d480 .part L_0x55555581cd50, 0, 1;
L_0x55555581d670 .part L_0x55555581cd50, 1, 1;
L_0x55555581d930 .part L_0x55555581cd50, 2, 1;
L_0x55555581dae0 .part L_0x55555581cd50, 3, 1;
S_0x555555803700 .scope module, "flagDecoder" "twoFourDecode" 4 49, 5 4 0, S_0x555555803500;
 .timescale 0 0;
    .port_info 0 /INPUT 2 "sel";
    .port_info 1 /OUTPUT 4 "enable";
L_0x55555581c1e0 .functor NOT 1, L_0x55555581c140, C4<0>, C4<0>, C4<0>;
L_0x55555581c480 .functor NOT 1, L_0x55555581c390, C4<0>, C4<0>, C4<0>;
L_0x55555581c720 .functor AND 1, L_0x55555581c590, L_0x55555581c680, C4<1>, C4<1>;
L_0x55555581c9b0 .functor AND 1, L_0x55555581c830, L_0x55555581c910, C4<1>, C4<1>;
L_0x55555581cc90 .functor AND 1, L_0x55555581ca70, L_0x55555581cbf0, C4<1>, C4<1>;
L_0x55555581d140 .functor AND 1, L_0x55555581cf90, L_0x55555581d030, C4<1>, C4<1>;
v0x555555803900_0 .net *"_ivl_10", 0 0, L_0x55555581c390;  1 drivers
v0x555555803a00_0 .net *"_ivl_11", 0 0, L_0x55555581c480;  1 drivers
v0x555555803ae0_0 .net *"_ivl_16", 0 0, L_0x55555581c590;  1 drivers
v0x555555803ba0_0 .net *"_ivl_18", 0 0, L_0x55555581c680;  1 drivers
v0x555555803c80_0 .net *"_ivl_19", 0 0, L_0x55555581c720;  1 drivers
v0x555555803db0_0 .net *"_ivl_24", 0 0, L_0x55555581c830;  1 drivers
v0x555555803e90_0 .net *"_ivl_26", 0 0, L_0x55555581c910;  1 drivers
v0x555555803f70_0 .net *"_ivl_27", 0 0, L_0x55555581c9b0;  1 drivers
v0x555555804050_0 .net *"_ivl_3", 0 0, L_0x55555581c140;  1 drivers
v0x555555804130_0 .net *"_ivl_32", 0 0, L_0x55555581ca70;  1 drivers
v0x555555804210_0 .net *"_ivl_34", 0 0, L_0x55555581cbf0;  1 drivers
v0x5555558042f0_0 .net *"_ivl_35", 0 0, L_0x55555581cc90;  1 drivers
v0x5555558043d0_0 .net *"_ivl_4", 0 0, L_0x55555581c1e0;  1 drivers
v0x5555558044b0_0 .net *"_ivl_41", 0 0, L_0x55555581cf90;  1 drivers
v0x555555804590_0 .net *"_ivl_43", 0 0, L_0x55555581d030;  1 drivers
v0x555555804670_0 .net *"_ivl_44", 0 0, L_0x55555581d140;  1 drivers
v0x555555804750_0 .net "enable", 3 0, L_0x55555581cd50;  alias, 1 drivers
v0x555555804830_0 .net "notSel", 1 0, L_0x55555581c2a0;  1 drivers
v0x555555804910_0 .net "sel", 1 0, L_0x55555581d290;  1 drivers
L_0x55555581c140 .part L_0x55555581d290, 0, 1;
L_0x55555581c2a0 .concat8 [ 1 1 0 0], L_0x55555581c1e0, L_0x55555581c480;
L_0x55555581c390 .part L_0x55555581d290, 1, 1;
L_0x55555581c590 .part L_0x55555581c2a0, 1, 1;
L_0x55555581c680 .part L_0x55555581c2a0, 0, 1;
L_0x55555581c830 .part L_0x55555581c2a0, 1, 1;
L_0x55555581c910 .part L_0x55555581d290, 0, 1;
L_0x55555581ca70 .part L_0x55555581d290, 1, 1;
L_0x55555581cbf0 .part L_0x55555581c2a0, 0, 1;
L_0x55555581cd50 .concat8 [ 1 1 1 1], L_0x55555581c720, L_0x55555581c9b0, L_0x55555581cc90, L_0x55555581d140;
L_0x55555581cf90 .part L_0x55555581d290, 1, 1;
L_0x55555581d030 .part L_0x55555581d290, 0, 1;
S_0x555555805c70 .scope module, "tbSubtract" "subEight" 2 17, 6 41 0, S_0x5555557d9c20;
 .timescale 0 0;
    .port_info 0 /INPUT 8 "dIn0";
    .port_info 1 /INPUT 8 "dIn1";
    .port_info 2 /INPUT 1 "enable";
    .port_info 3 /OUTPUT 1 "bOut";
    .port_info 4 /OUTPUT 8 "dOut";
L_0x7f43ecbf80a8 .functor BUFT 1, C4<11111111>, C4<0>, C4<0>, C4<0>;
L_0x55555581b8c0 .functor AND 8, L_0x55555581b820, L_0x7f43ecbf80a8, C4<11111111>, C4<11111111>;
v0x5555558109a0_0 .net *"_ivl_78", 7 0, L_0x7f43ecbf80a8;  1 drivers
v0x555555810a80_0 .net "bOut", 0 0, L_0x55555581b250;  alias, 1 drivers
v0x555555810b40_0 .net "borrows", 6 0, L_0x55555581a780;  1 drivers
v0x555555810c10_0 .net "dIn0", 7 0, v0x555555811e70_0;  alias, 1 drivers
v0x555555810d00_0 .net "dIn1", 7 0, v0x555555811f10_0;  alias, 1 drivers
v0x555555810e10_0 .net "dOut", 7 0, L_0x55555581b8c0;  alias, 1 drivers
v0x555555810ed0_0 .net "enable", 0 0, L_0x7f43ecbf8018;  alias, 1 drivers
v0x555555810fc0_0 .net "resTmp", 7 0, L_0x55555581b820;  1 drivers
L_0x555555816a60 .part v0x555555811e70_0, 0, 1;
L_0x555555816b00 .part v0x555555811f10_0, 0, 1;
L_0x5555558171a0 .part v0x555555811e70_0, 1, 1;
L_0x5555558172d0 .part v0x555555811f10_0, 1, 1;
L_0x555555817400 .part L_0x55555581a780, 0, 1;
L_0x555555817ab0 .part v0x555555811e70_0, 2, 1;
L_0x555555817c20 .part v0x555555811f10_0, 2, 1;
L_0x555555817d50 .part L_0x55555581a780, 1, 1;
L_0x5555558184e0 .part v0x555555811e70_0, 3, 1;
L_0x555555818820 .part v0x555555811f10_0, 3, 1;
L_0x5555558189b0 .part L_0x55555581a780, 2, 1;
L_0x555555819050 .part v0x555555811e70_0, 4, 1;
L_0x5555558191f0 .part v0x555555811f10_0, 4, 1;
L_0x555555819530 .part L_0x55555581a780, 3, 1;
L_0x555555819c70 .part v0x555555811e70_0, 5, 1;
L_0x555555819da0 .part v0x555555811f10_0, 5, 1;
L_0x555555819f60 .part L_0x55555581a780, 4, 1;
L_0x55555581a650 .part v0x555555811e70_0, 6, 1;
L_0x55555581a820 .part v0x555555811f10_0, 6, 1;
L_0x55555581a8c0 .part L_0x55555581a780, 5, 1;
LS_0x55555581a780_0_0 .concat8 [ 1 1 1 1], L_0x555555816950, L_0x555555817110, L_0x555555817a20, L_0x555555818450;
LS_0x55555581a780_0_4 .concat8 [ 1 1 1 0], L_0x555555818fc0, L_0x555555819be0, L_0x55555581a5c0;
L_0x55555581a780 .concat8 [ 4 3 0 0], LS_0x55555581a780_0_0, LS_0x55555581a780_0_4;
L_0x55555581b300 .part v0x555555811e70_0, 7, 1;
L_0x55555581b4f0 .part v0x555555811f10_0, 7, 1;
L_0x55555581b620 .part L_0x55555581a780, 6, 1;
LS_0x55555581b820_0_0 .concat8 [ 1 1 1 1], L_0x555555816890, L_0x555555816f00, L_0x555555817810, L_0x555555818240;
LS_0x55555581b820_0_4 .concat8 [ 1 1 1 1], L_0x555555818db0, L_0x5555558199d0, L_0x55555581a3b0, L_0x55555581b040;
L_0x55555581b820 .concat8 [ 4 4 0 0], LS_0x55555581b820_0_0, LS_0x55555581b820_0_4;
S_0x555555805ee0 .scope module, "subtractor0" "halfSubtractor" 6 55, 6 4 0, S_0x555555805c70;
 .timescale 0 0;
    .port_info 0 /INPUT 1 "a";
    .port_info 1 /INPUT 1 "b";
    .port_info 2 /OUTPUT 1 "diff";
    .port_info 3 /OUTPUT 1 "bOut";
L_0x555555816800 .functor NOT 1, L_0x555555816a60, C4<0>, C4<0>, C4<0>;
L_0x555555816890 .functor XOR 1, L_0x555555816a60, L_0x555555816b00, C4<0>, C4<0>;
L_0x555555816950 .functor AND 1, L_0x555555816800, L_0x555555816b00, C4<1>, C4<1>;
v0x555555806160_0 .net "a", 0 0, L_0x555555816a60;  1 drivers
v0x555555806240_0 .net "b", 0 0, L_0x555555816b00;  1 drivers
v0x555555806300_0 .net "bOut", 0 0, L_0x555555816950;  1 drivers
v0x5555558063d0_0 .net "diff", 0 0, L_0x555555816890;  1 drivers
v0x555555806490_0 .net "notA", 0 0, L_0x555555816800;  1 drivers
S_0x555555806620 .scope module, "subtractor1" "fullSubtractor" 6 56, 6 22 0, S_0x555555805c70;
 .timescale 0 0;
    .port_info 0 /INPUT 1 "a";
    .port_info 1 /INPUT 1 "b";
    .port_info 2 /INPUT 1 "bIn";
    .port_info 3 /OUTPUT 1 "diff";
    .port_info 4 /OUTPUT 1 "bOut";
L_0x555555817110 .functor OR 1, L_0x555555816d40, L_0x555555816fe0, C4<0>, C4<0>;
v0x5555558076e0_0 .net "a", 0 0, L_0x5555558171a0;  1 drivers
v0x5555558077a0_0 .net "b", 0 0, L_0x5555558172d0;  1 drivers
v0x555555807870_0 .net "bIn", 0 0, L_0x555555817400;  1 drivers
v0x555555807970_0 .net "bOut", 0 0, L_0x555555817110;  1 drivers
v0x555555807a10_0 .net "borrowA", 0 0, L_0x555555816d40;  1 drivers
v0x555555807b00_0 .net "borrowB", 0 0, L_0x555555816fe0;  1 drivers
v0x555555807bd0_0 .net "diff", 0 0, L_0x555555816f00;  1 drivers
v0x555555807ca0_0 .net "diffAB", 0 0, L_0x555555816c60;  1 drivers
S_0x5555558068a0 .scope module, "halfSubtractorAB" "halfSubtractor" 6 34, 6 4 0, S_0x555555806620;
 .timescale 0 0;
    .port_info 0 /INPUT 1 "a";
    .port_info 1 /INPUT 1 "b";
    .port_info 2 /OUTPUT 1 "diff";
    .port_info 3 /OUTPUT 1 "bOut";
L_0x555555816ba0 .functor NOT 1, L_0x5555558171a0, C4<0>, C4<0>, C4<0>;
L_0x555555816c60 .functor XOR 1, L_0x5555558171a0, L_0x5555558172d0, C4<0>, C4<0>;
L_0x555555816d40 .functor AND 1, L_0x555555816ba0, L_0x5555558172d0, C4<1>, C4<1>;
v0x555555806b20_0 .net "a", 0 0, L_0x5555558171a0;  alias, 1 drivers
v0x555555806c00_0 .net "b", 0 0, L_0x5555558172d0;  alias, 1 drivers
v0x555555806cc0_0 .net "bOut", 0 0, L_0x555555816d40;  alias, 1 drivers
v0x555555806d90_0 .net "diff", 0 0, L_0x555555816c60;  alias, 1 drivers
v0x555555806e50_0 .net "notA", 0 0, L_0x555555816ba0;  1 drivers
S_0x555555806fe0 .scope module, "halfSubtractorDiffABBIn" "halfSubtractor" 6 35, 6 4 0, S_0x555555806620;
 .timescale 0 0;
    .port_info 0 /INPUT 1 "a";
    .port_info 1 /INPUT 1 "b";
    .port_info 2 /OUTPUT 1 "diff";
    .port_info 3 /OUTPUT 1 "bOut";
L_0x555555816e70 .functor NOT 1, L_0x555555816c60, C4<0>, C4<0>, C4<0>;
L_0x555555816f00 .functor XOR 1, L_0x555555816c60, L_0x555555817400, C4<0>, C4<0>;
L_0x555555816fe0 .functor AND 1, L_0x555555816e70, L_0x555555817400, C4<1>, C4<1>;
v0x555555807250_0 .net "a", 0 0, L_0x555555816c60;  alias, 1 drivers
v0x555555807320_0 .net "b", 0 0, L_0x555555817400;  alias, 1 drivers
v0x5555558073c0_0 .net "bOut", 0 0, L_0x555555816fe0;  alias, 1 drivers
v0x555555807490_0 .net "diff", 0 0, L_0x555555816f00;  alias, 1 drivers
v0x555555807550_0 .net "notA", 0 0, L_0x555555816e70;  1 drivers
S_0x555555807d90 .scope module, "subtractor2" "fullSubtractor" 6 57, 6 22 0, S_0x555555805c70;
 .timescale 0 0;
    .port_info 0 /INPUT 1 "a";
    .port_info 1 /INPUT 1 "b";
    .port_info 2 /INPUT 1 "bIn";
    .port_info 3 /OUTPUT 1 "diff";
    .port_info 4 /OUTPUT 1 "bOut";
L_0x555555817a20 .functor OR 1, L_0x555555817610, L_0x5555558178f0, C4<0>, C4<0>;
v0x555555808e40_0 .net "a", 0 0, L_0x555555817ab0;  1 drivers
v0x555555808f00_0 .net "b", 0 0, L_0x555555817c20;  1 drivers
v0x555555808fd0_0 .net "bIn", 0 0, L_0x555555817d50;  1 drivers
v0x5555558090d0_0 .net "bOut", 0 0, L_0x555555817a20;  1 drivers
v0x555555809170_0 .net "borrowA", 0 0, L_0x555555817610;  1 drivers
v0x555555809260_0 .net "borrowB", 0 0, L_0x5555558178f0;  1 drivers
v0x555555809330_0 .net "diff", 0 0, L_0x555555817810;  1 drivers
v0x555555809400_0 .net "diffAB", 0 0, L_0x5555558175a0;  1 drivers
S_0x555555808020 .scope module, "halfSubtractorAB" "halfSubtractor" 6 34, 6 4 0, S_0x555555807d90;
 .timescale 0 0;
    .port_info 0 /INPUT 1 "a";
    .port_info 1 /INPUT 1 "b";
    .port_info 2 /OUTPUT 1 "diff";
    .port_info 3 /OUTPUT 1 "bOut";
L_0x555555817530 .functor NOT 1, L_0x555555817ab0, C4<0>, C4<0>, C4<0>;
L_0x5555558175a0 .functor XOR 1, L_0x555555817ab0, L_0x555555817c20, C4<0>, C4<0>;
L_0x555555817610 .functor AND 1, L_0x555555817530, L_0x555555817c20, C4<1>, C4<1>;
v0x5555558082a0_0 .net "a", 0 0, L_0x555555817ab0;  alias, 1 drivers
v0x555555808360_0 .net "b", 0 0, L_0x555555817c20;  alias, 1 drivers
v0x555555808420_0 .net "bOut", 0 0, L_0x555555817610;  alias, 1 drivers
v0x5555558084f0_0 .net "diff", 0 0, L_0x5555558175a0;  alias, 1 drivers
v0x5555558085b0_0 .net "notA", 0 0, L_0x555555817530;  1 drivers
S_0x555555808740 .scope module, "halfSubtractorDiffABBIn" "halfSubtractor" 6 35, 6 4 0, S_0x555555807d90;
 .timescale 0 0;
    .port_info 0 /INPUT 1 "a";
    .port_info 1 /INPUT 1 "b";
    .port_info 2 /OUTPUT 1 "diff";
    .port_info 3 /OUTPUT 1 "bOut";
L_0x5555558176f0 .functor NOT 1, L_0x5555558175a0, C4<0>, C4<0>, C4<0>;
L_0x555555817810 .functor XOR 1, L_0x5555558175a0, L_0x555555817d50, C4<0>, C4<0>;
L_0x5555558178f0 .functor AND 1, L_0x5555558176f0, L_0x555555817d50, C4<1>, C4<1>;
v0x5555558089b0_0 .net "a", 0 0, L_0x5555558175a0;  alias, 1 drivers
v0x555555808a80_0 .net "b", 0 0, L_0x555555817d50;  alias, 1 drivers
v0x555555808b20_0 .net "bOut", 0 0, L_0x5555558178f0;  alias, 1 drivers
v0x555555808bf0_0 .net "diff", 0 0, L_0x555555817810;  alias, 1 drivers
v0x555555808cb0_0 .net "notA", 0 0, L_0x5555558176f0;  1 drivers
S_0x5555558094f0 .scope module, "subtractor3" "fullSubtractor" 6 58, 6 22 0, S_0x555555805c70;
 .timescale 0 0;
    .port_info 0 /INPUT 1 "a";
    .port_info 1 /INPUT 1 "b";
    .port_info 2 /INPUT 1 "bIn";
    .port_info 3 /OUTPUT 1 "diff";
    .port_info 4 /OUTPUT 1 "bOut";
L_0x555555818450 .functor OR 1, L_0x555555817ff0, L_0x555555818320, C4<0>, C4<0>;
v0x55555580a590_0 .net "a", 0 0, L_0x5555558184e0;  1 drivers
v0x55555580a650_0 .net "b", 0 0, L_0x555555818820;  1 drivers
v0x55555580a720_0 .net "bIn", 0 0, L_0x5555558189b0;  1 drivers
v0x55555580a820_0 .net "bOut", 0 0, L_0x555555818450;  1 drivers
v0x55555580a8c0_0 .net "borrowA", 0 0, L_0x555555817ff0;  1 drivers
v0x55555580a9b0_0 .net "borrowB", 0 0, L_0x555555818320;  1 drivers
v0x55555580aa80_0 .net "diff", 0 0, L_0x555555818240;  1 drivers
v0x55555580ab50_0 .net "diffAB", 0 0, L_0x555555817f60;  1 drivers
S_0x555555809750 .scope module, "halfSubtractorAB" "halfSubtractor" 6 34, 6 4 0, S_0x5555558094f0;
 .timescale 0 0;
    .port_info 0 /INPUT 1 "a";
    .port_info 1 /INPUT 1 "b";
    .port_info 2 /OUTPUT 1 "diff";
    .port_info 3 /OUTPUT 1 "bOut";
L_0x555555817ed0 .functor NOT 1, L_0x5555558184e0, C4<0>, C4<0>, C4<0>;
L_0x555555817f60 .functor XOR 1, L_0x5555558184e0, L_0x555555818820, C4<0>, C4<0>;
L_0x555555817ff0 .functor AND 1, L_0x555555817ed0, L_0x555555818820, C4<1>, C4<1>;
v0x5555558099d0_0 .net "a", 0 0, L_0x5555558184e0;  alias, 1 drivers
v0x555555809ab0_0 .net "b", 0 0, L_0x555555818820;  alias, 1 drivers
v0x555555809b70_0 .net "bOut", 0 0, L_0x555555817ff0;  alias, 1 drivers
v0x555555809c40_0 .net "diff", 0 0, L_0x555555817f60;  alias, 1 drivers
v0x555555809d00_0 .net "notA", 0 0, L_0x555555817ed0;  1 drivers
S_0x555555809e90 .scope module, "halfSubtractorDiffABBIn" "halfSubtractor" 6 35, 6 4 0, S_0x5555558094f0;
 .timescale 0 0;
    .port_info 0 /INPUT 1 "a";
    .port_info 1 /INPUT 1 "b";
    .port_info 2 /OUTPUT 1 "diff";
    .port_info 3 /OUTPUT 1 "bOut";
L_0x555555818120 .functor NOT 1, L_0x555555817f60, C4<0>, C4<0>, C4<0>;
L_0x555555818240 .functor XOR 1, L_0x555555817f60, L_0x5555558189b0, C4<0>, C4<0>;
L_0x555555818320 .functor AND 1, L_0x555555818120, L_0x5555558189b0, C4<1>, C4<1>;
v0x55555580a100_0 .net "a", 0 0, L_0x555555817f60;  alias, 1 drivers
v0x55555580a1d0_0 .net "b", 0 0, L_0x5555558189b0;  alias, 1 drivers
v0x55555580a270_0 .net "bOut", 0 0, L_0x555555818320;  alias, 1 drivers
v0x55555580a340_0 .net "diff", 0 0, L_0x555555818240;  alias, 1 drivers
v0x55555580a400_0 .net "notA", 0 0, L_0x555555818120;  1 drivers
S_0x55555580ac40 .scope module, "subtractor4" "fullSubtractor" 6 59, 6 22 0, S_0x555555805c70;
 .timescale 0 0;
    .port_info 0 /INPUT 1 "a";
    .port_info 1 /INPUT 1 "b";
    .port_info 2 /INPUT 1 "bIn";
    .port_info 3 /OUTPUT 1 "diff";
    .port_info 4 /OUTPUT 1 "bOut";
L_0x555555818fc0 .functor OR 1, L_0x555555818c00, L_0x555555818e90, C4<0>, C4<0>;
v0x55555580bd00_0 .net "a", 0 0, L_0x555555819050;  1 drivers
v0x55555580bdc0_0 .net "b", 0 0, L_0x5555558191f0;  1 drivers
v0x55555580be90_0 .net "bIn", 0 0, L_0x555555819530;  1 drivers
v0x55555580bf90_0 .net "bOut", 0 0, L_0x555555818fc0;  1 drivers
v0x55555580c030_0 .net "borrowA", 0 0, L_0x555555818c00;  1 drivers
v0x55555580c120_0 .net "borrowB", 0 0, L_0x555555818e90;  1 drivers
v0x55555580c1f0_0 .net "diff", 0 0, L_0x555555818db0;  1 drivers
v0x55555580c2c0_0 .net "diffAB", 0 0, L_0x555555818b70;  1 drivers
S_0x55555580aef0 .scope module, "halfSubtractorAB" "halfSubtractor" 6 34, 6 4 0, S_0x55555580ac40;
 .timescale 0 0;
    .port_info 0 /INPUT 1 "a";
    .port_info 1 /INPUT 1 "b";
    .port_info 2 /OUTPUT 1 "diff";
    .port_info 3 /OUTPUT 1 "bOut";
L_0x555555818ae0 .functor NOT 1, L_0x555555819050, C4<0>, C4<0>, C4<0>;
L_0x555555818b70 .functor XOR 1, L_0x555555819050, L_0x5555558191f0, C4<0>, C4<0>;
L_0x555555818c00 .functor AND 1, L_0x555555818ae0, L_0x5555558191f0, C4<1>, C4<1>;
v0x55555580b140_0 .net "a", 0 0, L_0x555555819050;  alias, 1 drivers
v0x55555580b220_0 .net "b", 0 0, L_0x5555558191f0;  alias, 1 drivers
v0x55555580b2e0_0 .net "bOut", 0 0, L_0x555555818c00;  alias, 1 drivers
v0x55555580b3b0_0 .net "diff", 0 0, L_0x555555818b70;  alias, 1 drivers
v0x55555580b470_0 .net "notA", 0 0, L_0x555555818ae0;  1 drivers
S_0x55555580b600 .scope module, "halfSubtractorDiffABBIn" "halfSubtractor" 6 35, 6 4 0, S_0x55555580ac40;
 .timescale 0 0;
    .port_info 0 /INPUT 1 "a";
    .port_info 1 /INPUT 1 "b";
    .port_info 2 /OUTPUT 1 "diff";
    .port_info 3 /OUTPUT 1 "bOut";
L_0x555555818c90 .functor NOT 1, L_0x555555818b70, C4<0>, C4<0>, C4<0>;
L_0x555555818db0 .functor XOR 1, L_0x555555818b70, L_0x555555819530, C4<0>, C4<0>;
L_0x555555818e90 .functor AND 1, L_0x555555818c90, L_0x555555819530, C4<1>, C4<1>;
v0x55555580b870_0 .net "a", 0 0, L_0x555555818b70;  alias, 1 drivers
v0x55555580b940_0 .net "b", 0 0, L_0x555555819530;  alias, 1 drivers
v0x55555580b9e0_0 .net "bOut", 0 0, L_0x555555818e90;  alias, 1 drivers
v0x55555580bab0_0 .net "diff", 0 0, L_0x555555818db0;  alias, 1 drivers
v0x55555580bb70_0 .net "notA", 0 0, L_0x555555818c90;  1 drivers
S_0x55555580c3b0 .scope module, "subtractor5" "fullSubtractor" 6 60, 6 22 0, S_0x555555805c70;
 .timescale 0 0;
    .port_info 0 /INPUT 1 "a";
    .port_info 1 /INPUT 1 "b";
    .port_info 2 /INPUT 1 "bIn";
    .port_info 3 /OUTPUT 1 "diff";
    .port_info 4 /OUTPUT 1 "bOut";
L_0x555555819be0 .functor OR 1, L_0x555555819820, L_0x555555819ab0, C4<0>, C4<0>;
v0x55555580d450_0 .net "a", 0 0, L_0x555555819c70;  1 drivers
v0x55555580d510_0 .net "b", 0 0, L_0x555555819da0;  1 drivers
v0x55555580d5e0_0 .net "bIn", 0 0, L_0x555555819f60;  1 drivers
v0x55555580d6e0_0 .net "bOut", 0 0, L_0x555555819be0;  1 drivers
v0x55555580d780_0 .net "borrowA", 0 0, L_0x555555819820;  1 drivers
v0x55555580d870_0 .net "borrowB", 0 0, L_0x555555819ab0;  1 drivers
v0x55555580d940_0 .net "diff", 0 0, L_0x5555558199d0;  1 drivers
v0x55555580da10_0 .net "diffAB", 0 0, L_0x555555819790;  1 drivers
S_0x55555580c610 .scope module, "halfSubtractorAB" "halfSubtractor" 6 34, 6 4 0, S_0x55555580c3b0;
 .timescale 0 0;
    .port_info 0 /INPUT 1 "a";
    .port_info 1 /INPUT 1 "b";
    .port_info 2 /OUTPUT 1 "diff";
    .port_info 3 /OUTPUT 1 "bOut";
L_0x555555819180 .functor NOT 1, L_0x555555819c70, C4<0>, C4<0>, C4<0>;
L_0x555555819790 .functor XOR 1, L_0x555555819c70, L_0x555555819da0, C4<0>, C4<0>;
L_0x555555819820 .functor AND 1, L_0x555555819180, L_0x555555819da0, C4<1>, C4<1>;
v0x55555580c890_0 .net "a", 0 0, L_0x555555819c70;  alias, 1 drivers
v0x55555580c970_0 .net "b", 0 0, L_0x555555819da0;  alias, 1 drivers
v0x55555580ca30_0 .net "bOut", 0 0, L_0x555555819820;  alias, 1 drivers
v0x55555580cb00_0 .net "diff", 0 0, L_0x555555819790;  alias, 1 drivers
v0x55555580cbc0_0 .net "notA", 0 0, L_0x555555819180;  1 drivers
S_0x55555580cd50 .scope module, "halfSubtractorDiffABBIn" "halfSubtractor" 6 35, 6 4 0, S_0x55555580c3b0;
 .timescale 0 0;
    .port_info 0 /INPUT 1 "a";
    .port_info 1 /INPUT 1 "b";
    .port_info 2 /OUTPUT 1 "diff";
    .port_info 3 /OUTPUT 1 "bOut";
L_0x5555558198b0 .functor NOT 1, L_0x555555819790, C4<0>, C4<0>, C4<0>;
L_0x5555558199d0 .functor XOR 1, L_0x555555819790, L_0x555555819f60, C4<0>, C4<0>;
L_0x555555819ab0 .functor AND 1, L_0x5555558198b0, L_0x555555819f60, C4<1>, C4<1>;
v0x55555580cfc0_0 .net "a", 0 0, L_0x555555819790;  alias, 1 drivers
v0x55555580d090_0 .net "b", 0 0, L_0x555555819f60;  alias, 1 drivers
v0x55555580d130_0 .net "bOut", 0 0, L_0x555555819ab0;  alias, 1 drivers
v0x55555580d200_0 .net "diff", 0 0, L_0x5555558199d0;  alias, 1 drivers
v0x55555580d2c0_0 .net "notA", 0 0, L_0x5555558198b0;  1 drivers
S_0x55555580db00 .scope module, "subtractor6" "fullSubtractor" 6 61, 6 22 0, S_0x555555805c70;
 .timescale 0 0;
    .port_info 0 /INPUT 1 "a";
    .port_info 1 /INPUT 1 "b";
    .port_info 2 /INPUT 1 "bIn";
    .port_info 3 /OUTPUT 1 "diff";
    .port_info 4 /OUTPUT 1 "bOut";
L_0x55555581a5c0 .functor OR 1, L_0x55555581a1b0, L_0x55555581a490, C4<0>, C4<0>;
v0x55555580eba0_0 .net "a", 0 0, L_0x55555581a650;  1 drivers
v0x55555580ec60_0 .net "b", 0 0, L_0x55555581a820;  1 drivers
v0x55555580ed30_0 .net "bIn", 0 0, L_0x55555581a8c0;  1 drivers
v0x55555580ee30_0 .net "bOut", 0 0, L_0x55555581a5c0;  1 drivers
v0x55555580eed0_0 .net "borrowA", 0 0, L_0x55555581a1b0;  1 drivers
v0x55555580efc0_0 .net "borrowB", 0 0, L_0x55555581a490;  1 drivers
v0x55555580f090_0 .net "diff", 0 0, L_0x55555581a3b0;  1 drivers
v0x55555580f160_0 .net "diffAB", 0 0, L_0x55555581a120;  1 drivers
S_0x55555580dd60 .scope module, "halfSubtractorAB" "halfSubtractor" 6 34, 6 4 0, S_0x55555580db00;
 .timescale 0 0;
    .port_info 0 /INPUT 1 "a";
    .port_info 1 /INPUT 1 "b";
    .port_info 2 /OUTPUT 1 "diff";
    .port_info 3 /OUTPUT 1 "bOut";
L_0x55555581a090 .functor NOT 1, L_0x55555581a650, C4<0>, C4<0>, C4<0>;
L_0x55555581a120 .functor XOR 1, L_0x55555581a650, L_0x55555581a820, C4<0>, C4<0>;
L_0x55555581a1b0 .functor AND 1, L_0x55555581a090, L_0x55555581a820, C4<1>, C4<1>;
v0x55555580dfe0_0 .net "a", 0 0, L_0x55555581a650;  alias, 1 drivers
v0x55555580e0c0_0 .net "b", 0 0, L_0x55555581a820;  alias, 1 drivers
v0x55555580e180_0 .net "bOut", 0 0, L_0x55555581a1b0;  alias, 1 drivers
v0x55555580e250_0 .net "diff", 0 0, L_0x55555581a120;  alias, 1 drivers
v0x55555580e310_0 .net "notA", 0 0, L_0x55555581a090;  1 drivers
S_0x55555580e4a0 .scope module, "halfSubtractorDiffABBIn" "halfSubtractor" 6 35, 6 4 0, S_0x55555580db00;
 .timescale 0 0;
    .port_info 0 /INPUT 1 "a";
    .port_info 1 /INPUT 1 "b";
    .port_info 2 /OUTPUT 1 "diff";
    .port_info 3 /OUTPUT 1 "bOut";
L_0x55555581a290 .functor NOT 1, L_0x55555581a120, C4<0>, C4<0>, C4<0>;
L_0x55555581a3b0 .functor XOR 1, L_0x55555581a120, L_0x55555581a8c0, C4<0>, C4<0>;
L_0x55555581a490 .functor AND 1, L_0x55555581a290, L_0x55555581a8c0, C4<1>, C4<1>;
v0x55555580e710_0 .net "a", 0 0, L_0x55555581a120;  alias, 1 drivers
v0x55555580e7e0_0 .net "b", 0 0, L_0x55555581a8c0;  alias, 1 drivers
v0x55555580e880_0 .net "bOut", 0 0, L_0x55555581a490;  alias, 1 drivers
v0x55555580e950_0 .net "diff", 0 0, L_0x55555581a3b0;  alias, 1 drivers
v0x55555580ea10_0 .net "notA", 0 0, L_0x55555581a290;  1 drivers
S_0x55555580f250 .scope module, "subtractor7" "fullSubtractor" 6 62, 6 22 0, S_0x555555805c70;
 .timescale 0 0;
    .port_info 0 /INPUT 1 "a";
    .port_info 1 /INPUT 1 "b";
    .port_info 2 /INPUT 1 "bIn";
    .port_info 3 /OUTPUT 1 "diff";
    .port_info 4 /OUTPUT 1 "bOut";
L_0x55555581b250 .functor OR 1, L_0x55555581adf0, L_0x55555581b120, C4<0>, C4<0>;
v0x5555558102f0_0 .net "a", 0 0, L_0x55555581b300;  1 drivers
v0x5555558103b0_0 .net "b", 0 0, L_0x55555581b4f0;  1 drivers
v0x555555810480_0 .net "bIn", 0 0, L_0x55555581b620;  1 drivers
v0x555555810580_0 .net "bOut", 0 0, L_0x55555581b250;  alias, 1 drivers
v0x555555810620_0 .net "borrowA", 0 0, L_0x55555581adf0;  1 drivers
v0x555555810710_0 .net "borrowB", 0 0, L_0x55555581b120;  1 drivers
v0x5555558107e0_0 .net "diff", 0 0, L_0x55555581b040;  1 drivers
v0x5555558108b0_0 .net "diffAB", 0 0, L_0x55555581ad10;  1 drivers
S_0x55555580f4b0 .scope module, "halfSubtractorAB" "halfSubtractor" 6 34, 6 4 0, S_0x55555580f250;
 .timescale 0 0;
    .port_info 0 /INPUT 1 "a";
    .port_info 1 /INPUT 1 "b";
    .port_info 2 /OUTPUT 1 "diff";
    .port_info 3 /OUTPUT 1 "bOut";
L_0x55555581ac30 .functor NOT 1, L_0x55555581b300, C4<0>, C4<0>, C4<0>;
L_0x55555581ad10 .functor XOR 1, L_0x55555581b300, L_0x55555581b4f0, C4<0>, C4<0>;
L_0x55555581adf0 .functor AND 1, L_0x55555581ac30, L_0x55555581b4f0, C4<1>, C4<1>;
v0x55555580f730_0 .net "a", 0 0, L_0x55555581b300;  alias, 1 drivers
v0x55555580f810_0 .net "b", 0 0, L_0x55555581b4f0;  alias, 1 drivers
v0x55555580f8d0_0 .net "bOut", 0 0, L_0x55555581adf0;  alias, 1 drivers
v0x55555580f9a0_0 .net "diff", 0 0, L_0x55555581ad10;  alias, 1 drivers
v0x55555580fa60_0 .net "notA", 0 0, L_0x55555581ac30;  1 drivers
S_0x55555580fbf0 .scope module, "halfSubtractorDiffABBIn" "halfSubtractor" 6 35, 6 4 0, S_0x55555580f250;
 .timescale 0 0;
    .port_info 0 /INPUT 1 "a";
    .port_info 1 /INPUT 1 "b";
    .port_info 2 /OUTPUT 1 "diff";
    .port_info 3 /OUTPUT 1 "bOut";
L_0x55555581af20 .functor NOT 1, L_0x55555581ad10, C4<0>, C4<0>, C4<0>;
L_0x55555581b040 .functor XOR 1, L_0x55555581ad10, L_0x55555581b620, C4<0>, C4<0>;
L_0x55555581b120 .functor AND 1, L_0x55555581af20, L_0x55555581b620, C4<1>, C4<1>;
v0x55555580fe60_0 .net "a", 0 0, L_0x55555581ad10;  alias, 1 drivers
v0x55555580ff30_0 .net "b", 0 0, L_0x55555581b620;  alias, 1 drivers
v0x55555580ffd0_0 .net "bOut", 0 0, L_0x55555581b120;  alias, 1 drivers
v0x5555558100a0_0 .net "diff", 0 0, L_0x55555581b040;  alias, 1 drivers
v0x555555810160_0 .net "notA", 0 0, L_0x55555581af20;  1 drivers
S_0x555555811140 .scope module, "tbXor" "xorEight" 2 18, 7 4 0, S_0x5555557d9c20;
 .timescale 0 0;
    .port_info 0 /INPUT 8 "dIn0";
    .port_info 1 /INPUT 8 "dIn1";
    .port_info 2 /INPUT 1 "enable";
    .port_info 3 /OUTPUT 8 "dOut";
L_0x55555581b980 .functor XOR 8, v0x555555811e70_0, v0x555555811f10_0, C4<00000000>, C4<00000000>;
L_0x7f43ecbf80f0 .functor BUFT 1, C4<11111111>, C4<0>, C4<0>, C4<0>;
L_0x55555581ba10 .functor AND 8, L_0x55555581b980, L_0x7f43ecbf80f0, C4<11111111>, C4<11111111>;
v0x555555811390_0 .net *"_ivl_0", 7 0, L_0x55555581b980;  1 drivers
v0x555555811490_0 .net *"_ivl_2", 7 0, L_0x7f43ecbf80f0;  1 drivers
v0x555555811570_0 .net "dIn0", 7 0, v0x555555811e70_0;  alias, 1 drivers
v0x555555811610_0 .net "dIn1", 7 0, v0x555555811f10_0;  alias, 1 drivers
v0x555555811720_0 .net "dOut", 7 0, L_0x55555581ba10;  alias, 1 drivers
v0x555555811850_0 .net "enable", 0 0, L_0x7f43ecbf8018;  alias, 1 drivers
    .scope S_0x5555557d9c20;
T_0 ;
    %vpi_call 2 27 "$monitor", "dIn0 %b\012dIn1 %b\012addrs %b\012enable %b\012addRes %b cOut %b\012subRes %b bOut %b\012xorRes %b\012movRes %b\012bcf %b bbf %b buc %b toggleOut %b\012", v0x555555811e70_0, v0x555555811f10_0, v0x555555811970_0, v0x555555811fb0_0, v0x5555558120f0_0, v0x555555811da0_0, v0x5555558120f0_1, v0x555555811a50_0, v0x5555558120f0_2, v0x5555558120f0_3, v0x555555811be0_0, v0x555555811b40_0, v0x555555811cb0_0, v0x555555812280_0 {0 0 0};
    %pushi/vec4 0, 0, 32;
    %store/vec4 v0x555555812050_0, 0, 32;
T_0.0 ;
    %load/vec4 v0x555555812050_0;
    %cmpi/s 32, 0, 32;
    %jmp/0xz T_0.1, 5;
    %pushi/vec4 3, 0, 8;
    %store/vec4 v0x555555811e70_0, 0, 8;
    %pushi/vec4 1, 0, 8;
    %store/vec4 v0x555555811f10_0, 0, 8;
    %load/vec4 v0x555555812050_0;
    %pushi/vec4 16, 0, 32;
    %mod/s;
    %pad/s 4;
    %store/vec4 v0x555555811970_0, 0, 4;
    %delay 1, 0;
    %load/vec4 v0x555555812050_0;
    %addi 1, 0, 32;
    %store/vec4 v0x555555812050_0, 0, 32;
    %jmp T_0.0;
T_0.1 ;
    %end;
    .thread T_0;
# The file index is used to find the file name in the following table.
:file_names 8;
    "N/A";
    "<interactive>";
    "math_tb.v";
    "./add.v";
    "./movAndBranch.v";
    "./decode.v";
    "./sub.v";
    "./xor.v";
